::1 - - [04/Jul/2019:15:22:47 +0000] "GET /cart HTTP/1.1" 200 - "http://localhost:3000/admin/add-product" "Mozilla/5.0 (Macintosh; Intel Mac OS X 10_14_0) AppleWebKit/537.36 (KHTML, like Gecko) Chrome/74.0.3729.169 Safari/537.36"
::1 - - [04/Jul/2019:15:22:47 +0000] "GET /css/main.css HTTP/1.1" 304 - "http://localhost:3000/cart" "Mozilla/5.0 (Macintosh; Intel Mac OS X 10_14_0) AppleWebKit/537.36 (KHTML, like Gecko) Chrome/74.0.3729.169 Safari/537.36"
::1 - - [04/Jul/2019:15:22:47 +0000] "GET /css/orders.css HTTP/1.1" 304 - "http://localhost:3000/cart" "Mozilla/5.0 (Macintosh; Intel Mac OS X 10_14_0) AppleWebKit/537.36 (KHTML, like Gecko) Chrome/74.0.3729.169 Safari/537.36"
::1 - - [04/Jul/2019:15:22:47 +0000] "GET /js/main.js HTTP/1.1" 304 - "http://localhost:3000/cart" "Mozilla/5.0 (Macintosh; Intel Mac OS X 10_14_0) AppleWebKit/537.36 (KHTML, like Gecko) Chrome/74.0.3729.169 Safari/537.36"
::1 - - [04/Jul/2019:15:22:54 +0000] "GET /products HTTP/1.1" 200 - "http://localhost:3000/cart" "Mozilla/5.0 (Macintosh; Intel Mac OS X 10_14_0) AppleWebKit/537.36 (KHTML, like Gecko) Chrome/74.0.3729.169 Safari/537.36"
::1 - - [04/Jul/2019:15:22:54 +0000] "GET /css/main.css HTTP/1.1" 304 - "http://localhost:3000/products" "Mozilla/5.0 (Macintosh; Intel Mac OS X 10_14_0) AppleWebKit/537.36 (KHTML, like Gecko) Chrome/74.0.3729.169 Safari/537.36"
::1 - - [04/Jul/2019:15:22:54 +0000] "GET /css/orders.css HTTP/1.1" 304 - "http://localhost:3000/products" "Mozilla/5.0 (Macintosh; Intel Mac OS X 10_14_0) AppleWebKit/537.36 (KHTML, like Gecko) Chrome/74.0.3729.169 Safari/537.36"
::1 - - [04/Jul/2019:15:22:54 +0000] "GET /css/product.css HTTP/1.1" 304 - "http://localhost:3000/products" "Mozilla/5.0 (Macintosh; Intel Mac OS X 10_14_0) AppleWebKit/537.36 (KHTML, like Gecko) Chrome/74.0.3729.169 Safari/537.36"
::1 - - [04/Jul/2019:15:22:54 +0000] "GET /js/main.js HTTP/1.1" 304 - "http://localhost:3000/products" "Mozilla/5.0 (Macintosh; Intel Mac OS X 10_14_0) AppleWebKit/537.36 (KHTML, like Gecko) Chrome/74.0.3729.169 Safari/537.36"
::1 - - [04/Jul/2019:15:22:54 +0000] "GET /images/2019-07-03T20:54:18.823Z-sofa.jpeg HTTP/1.1" 304 - "http://localhost:3000/products" "Mozilla/5.0 (Macintosh; Intel Mac OS X 10_14_0) AppleWebKit/537.36 (KHTML, like Gecko) Chrome/74.0.3729.169 Safari/537.36"
::1 - - [05/Jul/2019:15:29:43 +0000] "GET / HTTP/1.1" - - "-" "Mozilla/5.0 (Macintosh; Intel Mac OS X 10_14_0) AppleWebKit/537.36 (KHTML, like Gecko) Chrome/74.0.3729.169 Safari/537.36"
::1 - - [05/Jul/2019:15:29:43 +0000] "GET / HTTP/1.1" 200 - "-" "Mozilla/5.0 (Macintosh; Intel Mac OS X 10_14_0) AppleWebKit/537.36 (KHTML, like Gecko) Chrome/74.0.3729.169 Safari/537.36"
::1 - - [05/Jul/2019:15:29:43 +0000] "GET /css/main.css HTTP/1.1" 200 - "https://localhost:3000/" "Mozilla/5.0 (Macintosh; Intel Mac OS X 10_14_0) AppleWebKit/537.36 (KHTML, like Gecko) Chrome/74.0.3729.169 Safari/537.36"
::1 - - [05/Jul/2019:15:29:43 +0000] "GET /css/orders.css HTTP/1.1" 200 474 "https://localhost:3000/" "Mozilla/5.0 (Macintosh; Intel Mac OS X 10_14_0) AppleWebKit/537.36 (KHTML, like Gecko) Chrome/74.0.3729.169 Safari/537.36"
::1 - - [05/Jul/2019:15:29:43 +0000] "GET /js/main.js HTTP/1.1" 200 520 "https://localhost:3000/" "Mozilla/5.0 (Macintosh; Intel Mac OS X 10_14_0) AppleWebKit/537.36 (KHTML, like Gecko) Chrome/74.0.3729.169 Safari/537.36"
::1 - - [05/Jul/2019:15:29:43 +0000] "GET /css/product.css HTTP/1.1" 200 379 "https://localhost:3000/" "Mozilla/5.0 (Macintosh; Intel Mac OS X 10_14_0) AppleWebKit/537.36 (KHTML, like Gecko) Chrome/74.0.3729.169 Safari/537.36"
::1 - - [05/Jul/2019:15:29:43 +0000] "GET /images/2019-07-03T20:54:18.823Z-sofa.jpeg HTTP/1.1" 200 6519 "https://localhost:3000/" "Mozilla/5.0 (Macintosh; Intel Mac OS X 10_14_0) AppleWebKit/537.36 (KHTML, like Gecko) Chrome/74.0.3729.169 Safari/537.36"
::1 - - [05/Jul/2019:15:29:44 +0000] "GET /favicon.ico HTTP/1.1" 404 - "https://localhost:3000/" "Mozilla/5.0 (Macintosh; Intel Mac OS X 10_14_0) AppleWebKit/537.36 (KHTML, like Gecko) Chrome/74.0.3729.169 Safari/537.36"
::1 - - [05/Jul/2019:15:31:13 +0000] "GET / HTTP/1.1" 200 - "-" "Mozilla/5.0 (Macintosh; Intel Mac OS X 10_14_0) AppleWebKit/537.36 (KHTML, like Gecko) Chrome/74.0.3729.169 Safari/537.36"
::1 - - [05/Jul/2019:15:31:13 +0000] "GET /css/main.css HTTP/1.1" 304 - "http://localhost:3000/" "Mozilla/5.0 (Macintosh; Intel Mac OS X 10_14_0) AppleWebKit/537.36 (KHTML, like Gecko) Chrome/74.0.3729.169 Safari/537.36"
::1 - - [05/Jul/2019:15:31:13 +0000] "GET /css/orders.css HTTP/1.1" 304 - "http://localhost:3000/" "Mozilla/5.0 (Macintosh; Intel Mac OS X 10_14_0) AppleWebKit/537.36 (KHTML, like Gecko) Chrome/74.0.3729.169 Safari/537.36"
::1 - - [05/Jul/2019:15:31:13 +0000] "GET /css/product.css HTTP/1.1" 304 - "http://localhost:3000/" "Mozilla/5.0 (Macintosh; Intel Mac OS X 10_14_0) AppleWebKit/537.36 (KHTML, like Gecko) Chrome/74.0.3729.169 Safari/537.36"
::1 - - [05/Jul/2019:15:31:13 +0000] "GET /images/2019-07-03T20:54:18.823Z-sofa.jpeg HTTP/1.1" 304 - "http://localhost:3000/" "Mozilla/5.0 (Macintosh; Intel Mac OS X 10_14_0) AppleWebKit/537.36 (KHTML, like Gecko) Chrome/74.0.3729.169 Safari/537.36"
::1 - - [05/Jul/2019:15:31:13 +0000] "GET /js/main.js HTTP/1.1" 304 - "http://localhost:3000/" "Mozilla/5.0 (Macintosh; Intel Mac OS X 10_14_0) AppleWebKit/537.36 (KHTML, like Gecko) Chrome/74.0.3729.169 Safari/537.36"
::1 - - [05/Jul/2019:15:31:15 +0000] "GET /products HTTP/1.1" 200 - "http://localhost:3000/" "Mozilla/5.0 (Macintosh; Intel Mac OS X 10_14_0) AppleWebKit/537.36 (KHTML, like Gecko) Chrome/74.0.3729.169 Safari/537.36"
::1 - - [05/Jul/2019:15:31:15 +0000] "GET /css/main.css HTTP/1.1" 304 - "http://localhost:3000/products" "Mozilla/5.0 (Macintosh; Intel Mac OS X 10_14_0) AppleWebKit/537.36 (KHTML, like Gecko) Chrome/74.0.3729.169 Safari/537.36"
::1 - - [05/Jul/2019:15:31:15 +0000] "GET /css/orders.css HTTP/1.1" 304 - "http://localhost:3000/products" "Mozilla/5.0 (Macintosh; Intel Mac OS X 10_14_0) AppleWebKit/537.36 (KHTML, like Gecko) Chrome/74.0.3729.169 Safari/537.36"
::1 - - [05/Jul/2019:15:31:15 +0000] "GET /css/product.css HTTP/1.1" 304 - "http://localhost:3000/products" "Mozilla/5.0 (Macintosh; Intel Mac OS X 10_14_0) AppleWebKit/537.36 (KHTML, like Gecko) Chrome/74.0.3729.169 Safari/537.36"
::1 - - [05/Jul/2019:15:31:15 +0000] "GET /images/2019-07-03T20:54:18.823Z-sofa.jpeg HTTP/1.1" 304 - "http://localhost:3000/products" "Mozilla/5.0 (Macintosh; Intel Mac OS X 10_14_0) AppleWebKit/537.36 (KHTML, like Gecko) Chrome/74.0.3729.169 Safari/537.36"
::1 - - [05/Jul/2019:15:31:15 +0000] "GET /js/main.js HTTP/1.1" 304 - "http://localhost:3000/products" "Mozilla/5.0 (Macintosh; Intel Mac OS X 10_14_0) AppleWebKit/537.36 (KHTML, like Gecko) Chrome/74.0.3729.169 Safari/537.36"
